{"/Users/Project/Study/find-card/src/assets/apple.png": {"path":"/Users/Project/Study/find-card/src/assets/apple.png","statementMap":{"0":{"start":{"line":1,"column":0},"end":{"line":1,"column":19}}},"fnMap":{},"branchMap":{},"s":{"0":6},"f":{},"b":{},"_coverageSchema":"1a1c01bbd47fc00a2c39e90264f33305004495a9","hash":"dd8799e1b1d284b5796df9a01ca49e88215aa939"}
,"/Users/Project/Study/find-card/src/assets/congratulation.gif": {"path":"/Users/Project/Study/find-card/src/assets/congratulation.gif","statementMap":{"0":{"start":{"line":1,"column":0},"end":{"line":1,"column":19}}},"fnMap":{},"branchMap":{},"s":{"0":6},"f":{},"b":{},"_coverageSchema":"1a1c01bbd47fc00a2c39e90264f33305004495a9","hash":"7f211216b959f270b64849eb1dc6a76aa9a10c12"}
,"/Users/Project/Study/find-card/src/assets/index.js": {"path":"/Users/Project/Study/find-card/src/assets/index.js","statementMap":{"0":{"start":{"line":1,"column":15},"end":{"line":11,"column":1}}},"fnMap":{},"branchMap":{},"s":{"0":6},"f":{},"b":{},"_coverageSchema":"1a1c01bbd47fc00a2c39e90264f33305004495a9","hash":"c883402e0af490738f6cbb7c817b8d171e6f1198"}
,"/Users/Project/Study/find-card/src/assets/mango.png": {"path":"/Users/Project/Study/find-card/src/assets/mango.png","statementMap":{"0":{"start":{"line":1,"column":0},"end":{"line":1,"column":19}}},"fnMap":{},"branchMap":{},"s":{"0":6},"f":{},"b":{},"_coverageSchema":"1a1c01bbd47fc00a2c39e90264f33305004495a9","hash":"77562a391fef0d2d487f09f8a7330e32e96ae185"}
,"/Users/Project/Study/find-card/src/assets/orange.png": {"path":"/Users/Project/Study/find-card/src/assets/orange.png","statementMap":{"0":{"start":{"line":1,"column":0},"end":{"line":1,"column":19}}},"fnMap":{},"branchMap":{},"s":{"0":6},"f":{},"b":{},"_coverageSchema":"1a1c01bbd47fc00a2c39e90264f33305004495a9","hash":"e3fdc31f8ed13628dfac3085b2896e4cbdecbaf3"}
,"/Users/Project/Study/find-card/src/assets/peach.png": {"path":"/Users/Project/Study/find-card/src/assets/peach.png","statementMap":{"0":{"start":{"line":1,"column":0},"end":{"line":1,"column":19}}},"fnMap":{},"branchMap":{},"s":{"0":6},"f":{},"b":{},"_coverageSchema":"1a1c01bbd47fc00a2c39e90264f33305004495a9","hash":"d380f6b6988e672fc0074355ada37043235103be"}
,"/Users/Project/Study/find-card/src/assets/pumpkin.png": {"path":"/Users/Project/Study/find-card/src/assets/pumpkin.png","statementMap":{"0":{"start":{"line":1,"column":0},"end":{"line":1,"column":19}}},"fnMap":{},"branchMap":{},"s":{"0":6},"f":{},"b":{},"_coverageSchema":"1a1c01bbd47fc00a2c39e90264f33305004495a9","hash":"a5ec9a99ee527556c5a0026e7d4bf0de29954780"}
,"/Users/Project/Study/find-card/src/assets/strawberry.png": {"path":"/Users/Project/Study/find-card/src/assets/strawberry.png","statementMap":{"0":{"start":{"line":1,"column":0},"end":{"line":1,"column":19}}},"fnMap":{},"branchMap":{},"s":{"0":6},"f":{},"b":{},"_coverageSchema":"1a1c01bbd47fc00a2c39e90264f33305004495a9","hash":"b0496b12299067e077d8d6485113e0f8fb2f7309"}
,"/Users/Project/Study/find-card/src/components/Badge/Badge.js": {"path":"/Users/Project/Study/find-card/src/components/Badge/Badge.js","statementMap":{"0":{"start":{"line":5,"column":20},"end":{"line":11,"column":1}},"1":{"start":{"line":6,"column":2},"end":{"line":10,"column":4}},"2":{"start":{"line":13,"column":0},"end":{"line":15,"column":2}}},"fnMap":{"0":{"name":"(anonymous_0)","decl":{"start":{"line":5,"column":20},"end":{"line":5,"column":21}},"loc":{"start":{"line":5,"column":35},"end":{"line":11,"column":1}},"line":5}},"branchMap":{},"s":{"0":2,"1":5,"2":2},"f":{"0":5},"b":{},"_coverageSchema":"1a1c01bbd47fc00a2c39e90264f33305004495a9","hash":"7dfe694ccf48bd014908f113361ad0247aceada6"}
,"/Users/Project/Study/find-card/src/components/Badge/BadgeStyles.js": {"path":"/Users/Project/Study/find-card/src/components/Badge/BadgeStyles.js","statementMap":{"0":{"start":{"line":5,"column":30},"end":{"line":11,"column":1}},"1":{"start":{"line":13,"column":25},"end":{"line":17,"column":1}}},"fnMap":{},"branchMap":{},"s":{"0":2,"1":2},"f":{},"b":{},"_coverageSchema":"1a1c01bbd47fc00a2c39e90264f33305004495a9","hash":"4285a1f264934a0430522d1d0b5fd53253a952a7"}
,"/Users/Project/Study/find-card/src/components/Button/ButtonStyles.js": {"path":"/Users/Project/Study/find-card/src/components/Button/ButtonStyles.js","statementMap":{"0":{"start":{"line":5,"column":31},"end":{"line":14,"column":1}},"1":{"start":{"line":10,"column":4},"end":{"line":13,"column":43}},"2":{"start":{"line":16,"column":26},"end":{"line":20,"column":1}}},"fnMap":{"0":{"name":"(anonymous_0)","decl":{"start":{"line":9,"column":4},"end":{"line":9,"column":5}},"loc":{"start":{"line":10,"column":4},"end":{"line":13,"column":43}},"line":10}},"branchMap":{"0":{"loc":{"start":{"line":10,"column":4},"end":{"line":13,"column":43}},"type":"cond-expr","locations":[{"start":{"line":11,"column":8},"end":{"line":12,"column":38}},{"start":{"line":13,"column":8},"end":{"line":13,"column":43}}],"line":10}},"s":{"0":3,"1":11,"2":3},"f":{"0":11},"b":{"0":[5,6]},"_coverageSchema":"1a1c01bbd47fc00a2c39e90264f33305004495a9","hash":"782cb61f5edb61310df69bb962133c7328ceb947"}
,"/Users/Project/Study/find-card/src/components/Button/CurvedButton.js": {"path":"/Users/Project/Study/find-card/src/components/Button/CurvedButton.js","statementMap":{"0":{"start":{"line":5,"column":21},"end":{"line":11,"column":1}},"1":{"start":{"line":6,"column":2},"end":{"line":10,"column":4}},"2":{"start":{"line":13,"column":0},"end":{"line":17,"column":2}}},"fnMap":{"0":{"name":"(anonymous_0)","decl":{"start":{"line":5,"column":21},"end":{"line":5,"column":22}},"loc":{"start":{"line":5,"column":51},"end":{"line":11,"column":1}},"line":5}},"branchMap":{},"s":{"0":3,"1":11,"2":3},"f":{"0":11},"b":{},"_coverageSchema":"1a1c01bbd47fc00a2c39e90264f33305004495a9","hash":"88e85dc7165e1ae1dec5fdd84bb7929af6d93e30"}
,"/Users/Project/Study/find-card/src/components/Card/Card.js": {"path":"/Users/Project/Study/find-card/src/components/Card/Card.js","statementMap":{"0":{"start":{"line":12,"column":20},"end":{"line":12,"column":23}},"1":{"start":{"line":14,"column":13},"end":{"line":94,"column":1}},"2":{"start":{"line":22,"column":24},"end":{"line":22,"column":64}},"3":{"start":{"line":22,"column":38},"end":{"line":22,"column":59}},"4":{"start":{"line":24,"column":2},"end":{"line":39,"column":17}},"5":{"start":{"line":25,"column":4},"end":{"line":38,"column":5}},"6":{"start":{"line":26,"column":6},"end":{"line":30,"column":17}},"7":{"start":{"line":31,"column":6},"end":{"line":31,"column":21}},"8":{"start":{"line":33,"column":6},"end":{"line":37,"column":17}},"9":{"start":{"line":41,"column":27},"end":{"line":48,"column":3}},"10":{"start":{"line":43,"column":6},"end":{"line":46,"column":8}},"11":{"start":{"line":49,"column":26},"end":{"line":56,"column":3}},"12":{"start":{"line":51,"column":6},"end":{"line":54,"column":8}},"13":{"start":{"line":58,"column":18},"end":{"line":62,"column":27}},"14":{"start":{"line":59,"column":4},"end":{"line":61,"column":5}},"15":{"start":{"line":60,"column":6},"end":{"line":60,"column":29}},"16":{"start":{"line":64,"column":2},"end":{"line":93,"column":4}},"17":{"start":{"line":96,"column":0},"end":{"line":103,"column":2}}},"fnMap":{"0":{"name":"(anonymous_0)","decl":{"start":{"line":14,"column":13},"end":{"line":14,"column":14}},"loc":{"start":{"line":21,"column":6},"end":{"line":94,"column":1}},"line":21},"1":{"name":"(anonymous_1)","decl":{"start":{"line":22,"column":32},"end":{"line":22,"column":33}},"loc":{"start":{"line":22,"column":38},"end":{"line":22,"column":59}},"line":22},"2":{"name":"(anonymous_2)","decl":{"start":{"line":24,"column":12},"end":{"line":24,"column":13}},"loc":{"start":{"line":24,"column":18},"end":{"line":39,"column":3}},"line":24},"3":{"name":"(anonymous_3)","decl":{"start":{"line":42,"column":4},"end":{"line":42,"column":5}},"loc":{"start":{"line":43,"column":6},"end":{"line":46,"column":8}},"line":43},"4":{"name":"(anonymous_4)","decl":{"start":{"line":50,"column":4},"end":{"line":50,"column":5}},"loc":{"start":{"line":51,"column":6},"end":{"line":54,"column":8}},"line":51},"5":{"name":"(anonymous_5)","decl":{"start":{"line":58,"column":30},"end":{"line":58,"column":31}},"loc":{"start":{"line":58,"column":36},"end":{"line":62,"column":3}},"line":58}},"branchMap":{"0":{"loc":{"start":{"line":25,"column":4},"end":{"line":38,"column":5}},"type":"if","locations":[{"start":{"line":25,"column":4},"end":{"line":38,"column":5}},{"start":{"line":25,"column":4},"end":{"line":38,"column":5}}],"line":25},"1":{"loc":{"start":{"line":59,"column":4},"end":{"line":61,"column":5}},"type":"if","locations":[{"start":{"line":59,"column":4},"end":{"line":61,"column":5}},{"start":{"line":59,"column":4},"end":{"line":61,"column":5}}],"line":59}},"s":{"0":2,"1":2,"2":44,"3":44,"4":44,"5":44,"6":4,"7":4,"8":40,"9":44,"10":44,"11":44,"12":44,"13":44,"14":3,"15":2,"16":44,"17":2},"f":{"0":44,"1":44,"2":44,"3":44,"4":44,"5":3},"b":{"0":[4,40],"1":[2,1]},"_coverageSchema":"1a1c01bbd47fc00a2c39e90264f33305004495a9","hash":"8e310c0c6e7ccb068f9d85082e4d6975396e42e4"}
,"/Users/Project/Study/find-card/src/components/Card/CardStyles.js": {"path":"/Users/Project/Study/find-card/src/components/Card/CardStyles.js","statementMap":{"0":{"start":{"line":6,"column":29},"end":{"line":10,"column":1}},"1":{"start":{"line":12,"column":17},"end":{"line":20,"column":1}},"2":{"start":{"line":22,"column":25},"end":{"line":24,"column":1}},"3":{"start":{"line":26,"column":24},"end":{"line":28,"column":1}},"4":{"start":{"line":30,"column":26},"end":{"line":33,"column":1}},"5":{"start":{"line":35,"column":27},"end":{"line":40,"column":1}}},"fnMap":{},"branchMap":{},"s":{"0":2,"1":2,"2":2,"3":2,"4":2,"5":2},"f":{},"b":{},"_coverageSchema":"1a1c01bbd47fc00a2c39e90264f33305004495a9","hash":"4dafa5e5383ebbdc7ec56d54c2863098bc493f29"}
,"/Users/Project/Study/find-card/src/components/Modal/CongratsModal.js": {"path":"/Users/Project/Study/find-card/src/components/Modal/CongratsModal.js","statementMap":{"0":{"start":{"line":14,"column":22},"end":{"line":27,"column":1}},"1":{"start":{"line":15,"column":2},"end":{"line":26,"column":4}},"2":{"start":{"line":29,"column":0},"end":{"line":33,"column":2}}},"fnMap":{"0":{"name":"(anonymous_0)","decl":{"start":{"line":14,"column":22},"end":{"line":14,"column":23}},"loc":{"start":{"line":14,"column":55},"end":{"line":27,"column":1}},"line":14}},"branchMap":{},"s":{"0":2,"1":5,"2":2},"f":{"0":5},"b":{},"_coverageSchema":"1a1c01bbd47fc00a2c39e90264f33305004495a9","hash":"303d2e7d39e9ebeaf1841bc192426c42d776a201"}
,"/Users/Project/Study/find-card/src/components/Modal/CongratsModalStyles.js": {"path":"/Users/Project/Study/find-card/src/components/Modal/CongratsModalStyles.js","statementMap":{"0":{"start":{"line":5,"column":30},"end":{"line":11,"column":1}},"1":{"start":{"line":13,"column":27},"end":{"line":16,"column":4}},"2":{"start":{"line":18,"column":31},"end":{"line":24,"column":1}},"3":{"start":{"line":26,"column":23},"end":{"line":30,"column":1}},"4":{"start":{"line":32,"column":28},"end":{"line":35,"column":1}},"5":{"start":{"line":37,"column":27},"end":{"line":42,"column":1}}},"fnMap":{},"branchMap":{},"s":{"0":2,"1":2,"2":2,"3":2,"4":2,"5":2},"f":{},"b":{},"_coverageSchema":"1a1c01bbd47fc00a2c39e90264f33305004495a9","hash":"a035dfff96b6fa037fac22e31955b5f26825b467"}
,"/Users/Project/Study/find-card/src/screens/Game/Game.js": {"path":"/Users/Project/Study/find-card/src/screens/Game/Game.js","statementMap":{"0":{"start":{"line":10,"column":13},"end":{"line":63,"column":1}},"1":{"start":{"line":11,"column":19},"end":{"line":11,"column":32}},"2":{"start":{"line":19,"column":6},"end":{"line":19,"column":35}},"3":{"start":{"line":19,"column":29},"end":{"line":19,"column":34}},"4":{"start":{"line":20,"column":14},"end":{"line":20,"column":63}},"5":{"start":{"line":20,"column":28},"end":{"line":20,"column":50}},"6":{"start":{"line":22,"column":22},"end":{"line":24,"column":8}},"7":{"start":{"line":23,"column":4},"end":{"line":23,"column":35}},"8":{"start":{"line":26,"column":23},"end":{"line":30,"column":22}},"9":{"start":{"line":27,"column":4},"end":{"line":29,"column":13}},"10":{"start":{"line":28,"column":6},"end":{"line":28,"column":49}},"11":{"start":{"line":28,"column":26},"end":{"line":28,"column":49}},"12":{"start":{"line":32,"column":22},"end":{"line":49,"column":3}},"13":{"start":{"line":33,"column":10},"end":{"line":47,"column":5}},"14":{"start":{"line":36,"column":10},"end":{"line":38,"column":31}},"15":{"start":{"line":40,"column":8},"end":{"line":45,"column":10}},"16":{"start":{"line":51,"column":20},"end":{"line":51,"column":62}},"17":{"start":{"line":51,"column":38},"end":{"line":51,"column":57}},"18":{"start":{"line":53,"column":2},"end":{"line":62,"column":4}}},"fnMap":{"0":{"name":"(anonymous_0)","decl":{"start":{"line":10,"column":13},"end":{"line":10,"column":14}},"loc":{"start":{"line":10,"column":19},"end":{"line":63,"column":1}},"line":10},"1":{"name":"(anonymous_1)","decl":{"start":{"line":19,"column":18},"end":{"line":19,"column":19}},"loc":{"start":{"line":19,"column":29},"end":{"line":19,"column":34}},"line":19},"2":{"name":"(anonymous_2)","decl":{"start":{"line":20,"column":22},"end":{"line":20,"column":23}},"loc":{"start":{"line":20,"column":28},"end":{"line":20,"column":50}},"line":20},"3":{"name":"(anonymous_3)","decl":{"start":{"line":22,"column":34},"end":{"line":22,"column":35}},"loc":{"start":{"line":22,"column":49},"end":{"line":24,"column":3}},"line":22},"4":{"name":"(anonymous_4)","decl":{"start":{"line":26,"column":35},"end":{"line":26,"column":36}},"loc":{"start":{"line":26,"column":41},"end":{"line":30,"column":3}},"line":26},"5":{"name":"(anonymous_5)","decl":{"start":{"line":27,"column":15},"end":{"line":27,"column":16}},"loc":{"start":{"line":27,"column":21},"end":{"line":29,"column":5}},"line":27},"6":{"name":"(anonymous_6)","decl":{"start":{"line":33,"column":4},"end":{"line":33,"column":5}},"loc":{"start":{"line":33,"column":10},"end":{"line":47,"column":5}},"line":33},"7":{"name":"(anonymous_7)","decl":{"start":{"line":34,"column":18},"end":{"line":34,"column":19}},"loc":{"start":{"line":34,"column":33},"end":{"line":46,"column":7}},"line":34},"8":{"name":"(anonymous_8)","decl":{"start":{"line":51,"column":32},"end":{"line":51,"column":33}},"loc":{"start":{"line":51,"column":38},"end":{"line":51,"column":57}},"line":51}},"branchMap":{"0":{"loc":{"start":{"line":28,"column":6},"end":{"line":28,"column":49}},"type":"if","locations":[{"start":{"line":28,"column":6},"end":{"line":28,"column":49}},{"start":{"line":28,"column":6},"end":{"line":28,"column":49}}],"line":28},"1":{"loc":{"start":{"line":36,"column":10},"end":{"line":38,"column":31}},"type":"binary-expr","locations":[{"start":{"line":36,"column":11},"end":{"line":36,"column":24}},{"start":{"line":36,"column":28},"end":{"line":36,"column":51}},{"start":{"line":37,"column":11},"end":{"line":37,"column":25}},{"start":{"line":37,"column":29},"end":{"line":37,"column":53}},{"start":{"line":38,"column":10},"end":{"line":38,"column":31}}],"line":36}},"s":{"0":1,"1":4,"2":4,"3":0,"4":4,"5":4,"6":4,"7":1,"8":4,"9":2,"10":0,"11":0,"12":4,"13":4,"14":40,"15":40,"16":4,"17":1,"18":4},"f":{"0":4,"1":0,"2":4,"3":1,"4":2,"5":0,"6":4,"7":40,"8":1},"b":{"0":[0,0],"1":[40,10,39,9,38]},"_coverageSchema":"1a1c01bbd47fc00a2c39e90264f33305004495a9","hash":"3fac7db98896c08f18fa1caa26920699382e81f1"}
,"/Users/Project/Study/find-card/src/screens/Game/GameStyles.js": {"path":"/Users/Project/Study/find-card/src/screens/Game/GameStyles.js","statementMap":{"0":{"start":{"line":5,"column":24},"end":{"line":8,"column":1}},"1":{"start":{"line":10,"column":23},"end":{"line":14,"column":1}},"2":{"start":{"line":16,"column":25},"end":{"line":22,"column":1}}},"fnMap":{},"branchMap":{},"s":{"0":1,"1":1,"2":1},"f":{},"b":{},"_coverageSchema":"1a1c01bbd47fc00a2c39e90264f33305004495a9","hash":"3ce15c17f8bd9ac6e358eae00de0bca280323a38"}
,"/Users/Project/Study/find-card/src/store/actions.js": {"path":"/Users/Project/Study/find-card/src/store/actions.js","statementMap":{"0":{"start":{"line":3,"column":23},"end":{"line":8,"column":1}},"1":{"start":{"line":3,"column":29},"end":{"line":8,"column":1}},"2":{"start":{"line":4,"column":2},"end":{"line":4,"column":31}},"3":{"start":{"line":5,"column":2},"end":{"line":7,"column":9}},"4":{"start":{"line":6,"column":4},"end":{"line":6,"column":36}},"5":{"start":{"line":10,"column":25},"end":{"line":11,"column":43}},"6":{"start":{"line":10,"column":40},"end":{"line":11,"column":43}},"7":{"start":{"line":11,"column":2},"end":{"line":11,"column":43}},"8":{"start":{"line":13,"column":26},"end":{"line":13,"column":77}},"9":{"start":{"line":13,"column":32},"end":{"line":13,"column":77}},"10":{"start":{"line":13,"column":46},"end":{"line":13,"column":77}}},"fnMap":{"0":{"name":"(anonymous_0)","decl":{"start":{"line":3,"column":23},"end":{"line":3,"column":24}},"loc":{"start":{"line":3,"column":29},"end":{"line":8,"column":1}},"line":3},"1":{"name":"(anonymous_1)","decl":{"start":{"line":3,"column":29},"end":{"line":3,"column":30}},"loc":{"start":{"line":3,"column":43},"end":{"line":8,"column":1}},"line":3},"2":{"name":"(anonymous_2)","decl":{"start":{"line":5,"column":13},"end":{"line":5,"column":14}},"loc":{"start":{"line":5,"column":19},"end":{"line":7,"column":3}},"line":5},"3":{"name":"(anonymous_3)","decl":{"start":{"line":10,"column":25},"end":{"line":10,"column":26}},"loc":{"start":{"line":10,"column":40},"end":{"line":11,"column":43}},"line":10},"4":{"name":"(anonymous_4)","decl":{"start":{"line":10,"column":40},"end":{"line":10,"column":41}},"loc":{"start":{"line":11,"column":2},"end":{"line":11,"column":43}},"line":11},"5":{"name":"(anonymous_5)","decl":{"start":{"line":13,"column":26},"end":{"line":13,"column":27}},"loc":{"start":{"line":13,"column":32},"end":{"line":13,"column":77}},"line":13},"6":{"name":"(anonymous_6)","decl":{"start":{"line":13,"column":32},"end":{"line":13,"column":33}},"loc":{"start":{"line":13,"column":46},"end":{"line":13,"column":77}},"line":13}},"branchMap":{},"s":{"0":2,"1":2,"2":1,"3":1,"4":0,"5":2,"6":2,"7":1,"8":2,"9":1,"10":1},"f":{"0":2,"1":1,"2":0,"3":2,"4":1,"5":1,"6":1},"b":{},"_coverageSchema":"1a1c01bbd47fc00a2c39e90264f33305004495a9","hash":"fa901024921dc6121f7fe5736d6c660d3b6baf08"}
,"/Users/Project/Study/find-card/src/store/constants.js": {"path":"/Users/Project/Study/find-card/src/store/constants.js","statementMap":{"0":{"start":{"line":1,"column":24},"end":{"line":1,"column":34}},"1":{"start":{"line":2,"column":27},"end":{"line":2,"column":40}},"2":{"start":{"line":3,"column":26},"end":{"line":3,"column":38}},"3":{"start":{"line":4,"column":27},"end":{"line":4,"column":40}}},"fnMap":{},"branchMap":{},"s":{"0":3,"1":3,"2":3,"3":3},"f":{},"b":{},"_coverageSchema":"1a1c01bbd47fc00a2c39e90264f33305004495a9","hash":"a7edbea4fbb4a02e4803a77ca4dc606ec27a63d0"}
,"/Users/Project/Study/find-card/src/store/reducer.js": {"path":"/Users/Project/Study/find-card/src/store/reducer.js","statementMap":{"0":{"start":{"line":5,"column":28},"end":{"line":12,"column":1}},"1":{"start":{"line":14,"column":16},"end":{"line":67,"column":1}},"2":{"start":{"line":15,"column":19},"end":{"line":15,"column":31}},"3":{"start":{"line":16,"column":63},"end":{"line":16,"column":71}},"4":{"start":{"line":18,"column":2},"end":{"line":66,"column":3}},"5":{"start":{"line":20,"column":6},"end":{"line":34,"column":7}},"6":{"start":{"line":21,"column":8},"end":{"line":21,"column":47}},"7":{"start":{"line":22,"column":13},"end":{"line":34,"column":7}},"8":{"start":{"line":23,"column":8},"end":{"line":23,"column":48}},"9":{"start":{"line":25,"column":8},"end":{"line":31,"column":9}},"10":{"start":{"line":26,"column":10},"end":{"line":30,"column":12}},"11":{"start":{"line":32,"column":8},"end":{"line":32,"column":47}},"12":{"start":{"line":33,"column":8},"end":{"line":33,"column":39}},"13":{"start":{"line":35,"column":6},"end":{"line":35,"column":26}},"14":{"start":{"line":36,"column":6},"end":{"line":36,"column":22}},"15":{"start":{"line":39,"column":6},"end":{"line":49,"column":7}},"16":{"start":{"line":40,"column":8},"end":{"line":46,"column":9}},"17":{"start":{"line":41,"column":10},"end":{"line":45,"column":12}},"18":{"start":{"line":47,"column":8},"end":{"line":47,"column":38}},"19":{"start":{"line":48,"column":8},"end":{"line":48,"column":39}},"20":{"start":{"line":50,"column":6},"end":{"line":50,"column":22}},"21":{"start":{"line":53,"column":6},"end":{"line":57,"column":8}},"22":{"start":{"line":59,"column":6},"end":{"line":62,"column":8}},"23":{"start":{"line":65,"column":6},"end":{"line":65,"column":19}}},"fnMap":{"0":{"name":"(anonymous_0)","decl":{"start":{"line":14,"column":16},"end":{"line":14,"column":17}},"loc":{"start":{"line":14,"column":50},"end":{"line":67,"column":1}},"line":14}},"branchMap":{"0":{"loc":{"start":{"line":14,"column":17},"end":{"line":14,"column":37}},"type":"default-arg","locations":[{"start":{"line":14,"column":25},"end":{"line":14,"column":37}}],"line":14},"1":{"loc":{"start":{"line":18,"column":2},"end":{"line":66,"column":3}},"type":"switch","locations":[{"start":{"line":19,"column":4},"end":{"line":36,"column":22}},{"start":{"line":38,"column":4},"end":{"line":50,"column":22}},{"start":{"line":52,"column":4},"end":{"line":57,"column":8}},{"start":{"line":58,"column":4},"end":{"line":62,"column":8}},{"start":{"line":64,"column":4},"end":{"line":65,"column":19}}],"line":18},"2":{"loc":{"start":{"line":20,"column":6},"end":{"line":34,"column":7}},"type":"if","locations":[{"start":{"line":20,"column":6},"end":{"line":34,"column":7}},{"start":{"line":20,"column":6},"end":{"line":34,"column":7}}],"line":20},"3":{"loc":{"start":{"line":22,"column":13},"end":{"line":34,"column":7}},"type":"if","locations":[{"start":{"line":22,"column":13},"end":{"line":34,"column":7}},{"start":{"line":22,"column":13},"end":{"line":34,"column":7}}],"line":22},"4":{"loc":{"start":{"line":25,"column":8},"end":{"line":31,"column":9}},"type":"if","locations":[{"start":{"line":25,"column":8},"end":{"line":31,"column":9}},{"start":{"line":25,"column":8},"end":{"line":31,"column":9}}],"line":25},"5":{"loc":{"start":{"line":39,"column":6},"end":{"line":49,"column":7}},"type":"if","locations":[{"start":{"line":39,"column":6},"end":{"line":49,"column":7}},{"start":{"line":39,"column":6},"end":{"line":49,"column":7}}],"line":39},"6":{"loc":{"start":{"line":39,"column":10},"end":{"line":39,"column":41}},"type":"binary-expr","locations":[{"start":{"line":39,"column":10},"end":{"line":39,"column":23}},{"start":{"line":39,"column":27},"end":{"line":39,"column":41}}],"line":39},"7":{"loc":{"start":{"line":40,"column":8},"end":{"line":46,"column":9}},"type":"if","locations":[{"start":{"line":40,"column":8},"end":{"line":46,"column":9}},{"start":{"line":40,"column":8},"end":{"line":46,"column":9}}],"line":40}},"s":{"0":2,"1":2,"2":10,"3":10,"4":10,"5":4,"6":1,"7":3,"8":1,"9":2,"10":1,"11":2,"12":2,"13":4,"14":4,"15":3,"16":2,"17":1,"18":2,"19":2,"20":3,"21":1,"22":1,"23":1},"f":{"0":10},"b":{"0":[0],"1":[4,3,1,1,1],"2":[1,3],"3":[1,2],"4":[1,1],"5":[2,1],"6":[3,2],"7":[1,1]},"_coverageSchema":"1a1c01bbd47fc00a2c39e90264f33305004495a9","hash":"7484f71fda5b96772006ea0fe1392d9d3911c374"}
,"/Users/Project/Study/find-card/src/utils/commonStyles.js": {"path":"/Users/Project/Study/find-card/src/utils/commonStyles.js","statementMap":{"0":{"start":{"line":3,"column":20},"end":{"line":3,"column":38}},"1":{"start":{"line":5,"column":23},"end":{"line":7,"column":29}},"2":{"start":{"line":9,"column":24},"end":{"line":11,"column":30}},"3":{"start":{"line":13,"column":28},"end":{"line":13,"column":49}}},"fnMap":{},"branchMap":{"0":{"loc":{"start":{"line":5,"column":23},"end":{"line":7,"column":29}},"type":"cond-expr","locations":[{"start":{"line":6,"column":4},"end":{"line":6,"column":30}},{"start":{"line":7,"column":4},"end":{"line":7,"column":29}}],"line":5},"1":{"loc":{"start":{"line":9,"column":24},"end":{"line":11,"column":30}},"type":"cond-expr","locations":[{"start":{"line":10,"column":4},"end":{"line":10,"column":30}},{"start":{"line":11,"column":4},"end":{"line":11,"column":30}}],"line":9},"2":{"loc":{"start":{"line":13,"column":28},"end":{"line":13,"column":49}},"type":"cond-expr","locations":[{"start":{"line":13,"column":42},"end":{"line":13,"column":44}},{"start":{"line":13,"column":47},"end":{"line":13,"column":49}}],"line":13}},"s":{"0":5,"1":5,"2":5,"3":5},"f":{},"b":{"0":[5,0],"1":[5,0],"2":[5,0]},"_coverageSchema":"1a1c01bbd47fc00a2c39e90264f33305004495a9","hash":"e034a514f94592636ddf08e1cea972014cb1024a"}
,"/Users/Project/Study/find-card/src/utils/helper.js": {"path":"/Users/Project/Study/find-card/src/utils/helper.js","statementMap":{"0":{"start":{"line":5,"column":38},"end":{"line":5,"column":62}},"1":{"start":{"line":6,"column":34},"end":{"line":6,"column":65}},"2":{"start":{"line":6,"column":40},"end":{"line":6,"column":65}},"3":{"start":{"line":8,"column":26},"end":{"line":13,"column":1}},"4":{"start":{"line":9,"column":16},"end":{"line":11,"column":3}},"5":{"start":{"line":10,"column":4},"end":{"line":10,"column":39}},"6":{"start":{"line":12,"column":2},"end":{"line":12,"column":44}},"7":{"start":{"line":15,"column":21},"end":{"line":21,"column":1}},"8":{"start":{"line":16,"column":2},"end":{"line":19,"column":3}},"9":{"start":{"line":16,"column":15},"end":{"line":16,"column":31}},"10":{"start":{"line":17,"column":14},"end":{"line":17,"column":49}},"11":{"start":{"line":18,"column":4},"end":{"line":18,"column":48}},"12":{"start":{"line":20,"column":2},"end":{"line":20,"column":15}},"13":{"start":{"line":23,"column":29},"end":{"line":25,"column":1}},"14":{"start":{"line":24,"column":2},"end":{"line":24,"column":52}}},"fnMap":{"0":{"name":"(anonymous_0)","decl":{"start":{"line":6,"column":34},"end":{"line":6,"column":35}},"loc":{"start":{"line":6,"column":40},"end":{"line":6,"column":65}},"line":6},"1":{"name":"(anonymous_1)","decl":{"start":{"line":8,"column":26},"end":{"line":8,"column":27}},"loc":{"start":{"line":8,"column":32},"end":{"line":13,"column":1}},"line":8},"2":{"name":"(anonymous_2)","decl":{"start":{"line":9,"column":42},"end":{"line":9,"column":43}},"loc":{"start":{"line":10,"column":4},"end":{"line":10,"column":39}},"line":10},"3":{"name":"(anonymous_3)","decl":{"start":{"line":15,"column":21},"end":{"line":15,"column":22}},"loc":{"start":{"line":15,"column":32},"end":{"line":21,"column":1}},"line":15},"4":{"name":"(anonymous_4)","decl":{"start":{"line":23,"column":29},"end":{"line":23,"column":30}},"loc":{"start":{"line":23,"column":35},"end":{"line":25,"column":1}},"line":23}},"branchMap":{},"s":{"0":6,"1":6,"2":1,"3":6,"4":4,"5":24,"6":4,"7":6,"8":5,"9":5,"10":49,"11":49,"12":5,"13":6,"14":1},"f":{"0":1,"1":4,"2":24,"3":5,"4":1},"b":{},"_coverageSchema":"1a1c01bbd47fc00a2c39e90264f33305004495a9","hash":"7bdd6054f1c35aadf07a9bd43da3b4f0b8c1b64c"}
,"/Users/Project/Study/find-card/src/utils/theme.js": {"path":"/Users/Project/Study/find-card/src/utils/theme.js","statementMap":{"0":{"start":{"line":1,"column":21},"end":{"line":9,"column":1}}},"fnMap":{},"branchMap":{},"s":{"0":5},"f":{},"b":{},"_coverageSchema":"1a1c01bbd47fc00a2c39e90264f33305004495a9","hash":"0d5e9255cf8ef153c66a463ea2ba5a2762106566"}
}
