{"/Users/Project/Study/find-card/src/assets/congratulation.gif": {"path":"/Users/Project/Study/find-card/src/assets/congratulation.gif","statementMap":{"0":{"start":{"line":1,"column":0},"end":{"line":1,"column":19}}},"fnMap":{},"branchMap":{},"s":{"0":3},"f":{},"b":{},"_coverageSchema":"1a1c01bbd47fc00a2c39e90264f33305004495a9","hash":"7f211216b959f270b64849eb1dc6a76aa9a10c12"}
,"/Users/Project/Study/find-card/src/assets/index.js": {"path":"/Users/Project/Study/find-card/src/assets/index.js","statementMap":{"0":{"start":{"line":1,"column":15},"end":{"line":6,"column":1}}},"fnMap":{},"branchMap":{},"s":{"0":3},"f":{},"b":{},"_coverageSchema":"1a1c01bbd47fc00a2c39e90264f33305004495a9","hash":"d799cda2f0e26e6d3d0df241941c6a9e522adcb7"}
,"/Users/Project/Study/find-card/src/assets/strawberry.png": {"path":"/Users/Project/Study/find-card/src/assets/strawberry.png","statementMap":{"0":{"start":{"line":1,"column":0},"end":{"line":1,"column":19}}},"fnMap":{},"branchMap":{},"s":{"0":3},"f":{},"b":{},"_coverageSchema":"1a1c01bbd47fc00a2c39e90264f33305004495a9","hash":"b0496b12299067e077d8d6485113e0f8fb2f7309"}
,"/Users/Project/Study/find-card/src/components/Badge/Badge.js": {"path":"/Users/Project/Study/find-card/src/components/Badge/Badge.js","statementMap":{"0":{"start":{"line":5,"column":20},"end":{"line":11,"column":1}},"1":{"start":{"line":6,"column":2},"end":{"line":10,"column":4}},"2":{"start":{"line":13,"column":0},"end":{"line":15,"column":2}}},"fnMap":{"0":{"name":"(anonymous_0)","decl":{"start":{"line":5,"column":20},"end":{"line":5,"column":21}},"loc":{"start":{"line":5,"column":35},"end":{"line":11,"column":1}},"line":5}},"branchMap":{},"s":{"0":2,"1":5,"2":2},"f":{"0":5},"b":{},"_coverageSchema":"1a1c01bbd47fc00a2c39e90264f33305004495a9","hash":"7dfe694ccf48bd014908f113361ad0247aceada6"}
,"/Users/Project/Study/find-card/src/components/Badge/BadgeStyles.js": {"path":"/Users/Project/Study/find-card/src/components/Badge/BadgeStyles.js","statementMap":{"0":{"start":{"line":5,"column":30},"end":{"line":11,"column":1}},"1":{"start":{"line":13,"column":25},"end":{"line":17,"column":1}}},"fnMap":{},"branchMap":{},"s":{"0":2,"1":2},"f":{},"b":{},"_coverageSchema":"1a1c01bbd47fc00a2c39e90264f33305004495a9","hash":"4285a1f264934a0430522d1d0b5fd53253a952a7"}
,"/Users/Project/Study/find-card/src/components/Button/ButtonStyles.js": {"path":"/Users/Project/Study/find-card/src/components/Button/ButtonStyles.js","statementMap":{"0":{"start":{"line":5,"column":31},"end":{"line":14,"column":1}},"1":{"start":{"line":10,"column":4},"end":{"line":13,"column":43}},"2":{"start":{"line":16,"column":26},"end":{"line":20,"column":1}}},"fnMap":{"0":{"name":"(anonymous_0)","decl":{"start":{"line":9,"column":4},"end":{"line":9,"column":5}},"loc":{"start":{"line":10,"column":4},"end":{"line":13,"column":43}},"line":10}},"branchMap":{"0":{"loc":{"start":{"line":10,"column":4},"end":{"line":13,"column":43}},"type":"cond-expr","locations":[{"start":{"line":11,"column":8},"end":{"line":12,"column":38}},{"start":{"line":13,"column":8},"end":{"line":13,"column":43}}],"line":10}},"s":{"0":3,"1":11,"2":3},"f":{"0":11},"b":{"0":[5,6]},"_coverageSchema":"1a1c01bbd47fc00a2c39e90264f33305004495a9","hash":"782cb61f5edb61310df69bb962133c7328ceb947"}
,"/Users/Project/Study/find-card/src/components/Button/CurvedButton.js": {"path":"/Users/Project/Study/find-card/src/components/Button/CurvedButton.js","statementMap":{"0":{"start":{"line":5,"column":21},"end":{"line":11,"column":1}},"1":{"start":{"line":6,"column":2},"end":{"line":10,"column":4}},"2":{"start":{"line":13,"column":0},"end":{"line":17,"column":2}}},"fnMap":{"0":{"name":"(anonymous_0)","decl":{"start":{"line":5,"column":21},"end":{"line":5,"column":22}},"loc":{"start":{"line":5,"column":51},"end":{"line":11,"column":1}},"line":5}},"branchMap":{},"s":{"0":3,"1":11,"2":3},"f":{"0":11},"b":{},"_coverageSchema":"1a1c01bbd47fc00a2c39e90264f33305004495a9","hash":"88e85dc7165e1ae1dec5fdd84bb7929af6d93e30"}
,"/Users/Project/Study/find-card/src/components/Card/Card.js": {"path":"/Users/Project/Study/find-card/src/components/Card/Card.js","statementMap":{"0":{"start":{"line":13,"column":20},"end":{"line":13,"column":23}},"1":{"start":{"line":15,"column":13},"end":{"line":88,"column":1}},"2":{"start":{"line":16,"column":24},"end":{"line":16,"column":64}},"3":{"start":{"line":16,"column":38},"end":{"line":16,"column":59}},"4":{"start":{"line":18,"column":2},"end":{"line":33,"column":17}},"5":{"start":{"line":19,"column":4},"end":{"line":32,"column":5}},"6":{"start":{"line":20,"column":6},"end":{"line":24,"column":17}},"7":{"start":{"line":25,"column":6},"end":{"line":25,"column":21}},"8":{"start":{"line":27,"column":6},"end":{"line":31,"column":17}},"9":{"start":{"line":35,"column":27},"end":{"line":42,"column":3}},"10":{"start":{"line":37,"column":6},"end":{"line":40,"column":8}},"11":{"start":{"line":43,"column":26},"end":{"line":50,"column":3}},"12":{"start":{"line":45,"column":6},"end":{"line":48,"column":8}},"13":{"start":{"line":52,"column":18},"end":{"line":56,"column":27}},"14":{"start":{"line":53,"column":4},"end":{"line":55,"column":5}},"15":{"start":{"line":54,"column":6},"end":{"line":54,"column":29}},"16":{"start":{"line":58,"column":2},"end":{"line":87,"column":4}},"17":{"start":{"line":90,"column":0},"end":{"line":96,"column":2}}},"fnMap":{"0":{"name":"(anonymous_0)","decl":{"start":{"line":15,"column":13},"end":{"line":15,"column":14}},"loc":{"start":{"line":15,"column":69},"end":{"line":88,"column":1}},"line":15},"1":{"name":"(anonymous_1)","decl":{"start":{"line":16,"column":32},"end":{"line":16,"column":33}},"loc":{"start":{"line":16,"column":38},"end":{"line":16,"column":59}},"line":16},"2":{"name":"(anonymous_2)","decl":{"start":{"line":18,"column":12},"end":{"line":18,"column":13}},"loc":{"start":{"line":18,"column":18},"end":{"line":33,"column":3}},"line":18},"3":{"name":"(anonymous_3)","decl":{"start":{"line":36,"column":4},"end":{"line":36,"column":5}},"loc":{"start":{"line":37,"column":6},"end":{"line":40,"column":8}},"line":37},"4":{"name":"(anonymous_4)","decl":{"start":{"line":44,"column":4},"end":{"line":44,"column":5}},"loc":{"start":{"line":45,"column":6},"end":{"line":48,"column":8}},"line":45},"5":{"name":"(anonymous_5)","decl":{"start":{"line":52,"column":30},"end":{"line":52,"column":31}},"loc":{"start":{"line":52,"column":36},"end":{"line":56,"column":3}},"line":52}},"branchMap":{"0":{"loc":{"start":{"line":19,"column":4},"end":{"line":32,"column":5}},"type":"if","locations":[{"start":{"line":19,"column":4},"end":{"line":32,"column":5}},{"start":{"line":19,"column":4},"end":{"line":32,"column":5}}],"line":19},"1":{"loc":{"start":{"line":53,"column":4},"end":{"line":55,"column":5}},"type":"if","locations":[{"start":{"line":53,"column":4},"end":{"line":55,"column":5}},{"start":{"line":53,"column":4},"end":{"line":55,"column":5}}],"line":53}},"s":{"0":2,"1":2,"2":44,"3":44,"4":44,"5":44,"6":4,"7":4,"8":40,"9":44,"10":44,"11":44,"12":44,"13":44,"14":3,"15":2,"16":44,"17":2},"f":{"0":44,"1":44,"2":44,"3":44,"4":44,"5":3},"b":{"0":[4,40],"1":[2,1]},"_coverageSchema":"1a1c01bbd47fc00a2c39e90264f33305004495a9","hash":"03d09fd66338f070535e0fecdb6662aeb736c9ba"}
,"/Users/Project/Study/find-card/src/components/Card/CardStyles.js": {"path":"/Users/Project/Study/find-card/src/components/Card/CardStyles.js","statementMap":{"0":{"start":{"line":6,"column":29},"end":{"line":10,"column":1}},"1":{"start":{"line":12,"column":17},"end":{"line":20,"column":1}},"2":{"start":{"line":22,"column":25},"end":{"line":24,"column":1}},"3":{"start":{"line":26,"column":24},"end":{"line":28,"column":1}},"4":{"start":{"line":30,"column":26},"end":{"line":33,"column":1}},"5":{"start":{"line":35,"column":27},"end":{"line":40,"column":1}}},"fnMap":{},"branchMap":{},"s":{"0":2,"1":2,"2":2,"3":2,"4":2,"5":2},"f":{},"b":{},"_coverageSchema":"1a1c01bbd47fc00a2c39e90264f33305004495a9","hash":"4dafa5e5383ebbdc7ec56d54c2863098bc493f29"}
,"/Users/Project/Study/find-card/src/components/Modal/CongratsModal.js": {"path":"/Users/Project/Study/find-card/src/components/Modal/CongratsModal.js","statementMap":{"0":{"start":{"line":14,"column":22},"end":{"line":27,"column":1}},"1":{"start":{"line":15,"column":2},"end":{"line":26,"column":4}},"2":{"start":{"line":29,"column":0},"end":{"line":33,"column":2}}},"fnMap":{"0":{"name":"(anonymous_0)","decl":{"start":{"line":14,"column":22},"end":{"line":14,"column":23}},"loc":{"start":{"line":14,"column":55},"end":{"line":27,"column":1}},"line":14}},"branchMap":{},"s":{"0":2,"1":5,"2":2},"f":{"0":5},"b":{},"_coverageSchema":"1a1c01bbd47fc00a2c39e90264f33305004495a9","hash":"303d2e7d39e9ebeaf1841bc192426c42d776a201"}
,"/Users/Project/Study/find-card/src/components/Modal/CongratsModalStyles.js": {"path":"/Users/Project/Study/find-card/src/components/Modal/CongratsModalStyles.js","statementMap":{"0":{"start":{"line":5,"column":30},"end":{"line":11,"column":1}},"1":{"start":{"line":13,"column":27},"end":{"line":16,"column":4}},"2":{"start":{"line":18,"column":31},"end":{"line":24,"column":1}},"3":{"start":{"line":26,"column":23},"end":{"line":30,"column":1}},"4":{"start":{"line":32,"column":28},"end":{"line":35,"column":1}},"5":{"start":{"line":37,"column":27},"end":{"line":42,"column":1}}},"fnMap":{},"branchMap":{},"s":{"0":2,"1":2,"2":2,"3":2,"4":2,"5":2},"f":{},"b":{},"_coverageSchema":"1a1c01bbd47fc00a2c39e90264f33305004495a9","hash":"a035dfff96b6fa037fac22e31955b5f26825b467"}
,"/Users/Project/Study/find-card/src/screens/Game/Game.js": {"path":"/Users/Project/Study/find-card/src/screens/Game/Game.js","statementMap":{"0":{"start":{"line":10,"column":13},"end":{"line":62,"column":1}},"1":{"start":{"line":11,"column":19},"end":{"line":11,"column":32}},"2":{"start":{"line":18,"column":6},"end":{"line":18,"column":35}},"3":{"start":{"line":18,"column":29},"end":{"line":18,"column":34}},"4":{"start":{"line":19,"column":14},"end":{"line":19,"column":63}},"5":{"start":{"line":19,"column":28},"end":{"line":19,"column":50}},"6":{"start":{"line":21,"column":22},"end":{"line":23,"column":8}},"7":{"start":{"line":22,"column":4},"end":{"line":22,"column":35}},"8":{"start":{"line":25,"column":23},"end":{"line":29,"column":22}},"9":{"start":{"line":26,"column":4},"end":{"line":28,"column":13}},"10":{"start":{"line":27,"column":6},"end":{"line":27,"column":49}},"11":{"start":{"line":27,"column":26},"end":{"line":27,"column":49}},"12":{"start":{"line":31,"column":22},"end":{"line":48,"column":3}},"13":{"start":{"line":32,"column":10},"end":{"line":46,"column":5}},"14":{"start":{"line":35,"column":10},"end":{"line":37,"column":31}},"15":{"start":{"line":39,"column":8},"end":{"line":44,"column":10}},"16":{"start":{"line":50,"column":20},"end":{"line":50,"column":62}},"17":{"start":{"line":50,"column":38},"end":{"line":50,"column":57}},"18":{"start":{"line":52,"column":2},"end":{"line":61,"column":4}}},"fnMap":{"0":{"name":"(anonymous_0)","decl":{"start":{"line":10,"column":13},"end":{"line":10,"column":14}},"loc":{"start":{"line":10,"column":19},"end":{"line":62,"column":1}},"line":10},"1":{"name":"(anonymous_1)","decl":{"start":{"line":18,"column":18},"end":{"line":18,"column":19}},"loc":{"start":{"line":18,"column":29},"end":{"line":18,"column":34}},"line":18},"2":{"name":"(anonymous_2)","decl":{"start":{"line":19,"column":22},"end":{"line":19,"column":23}},"loc":{"start":{"line":19,"column":28},"end":{"line":19,"column":50}},"line":19},"3":{"name":"(anonymous_3)","decl":{"start":{"line":21,"column":34},"end":{"line":21,"column":35}},"loc":{"start":{"line":21,"column":49},"end":{"line":23,"column":3}},"line":21},"4":{"name":"(anonymous_4)","decl":{"start":{"line":25,"column":35},"end":{"line":25,"column":36}},"loc":{"start":{"line":25,"column":41},"end":{"line":29,"column":3}},"line":25},"5":{"name":"(anonymous_5)","decl":{"start":{"line":26,"column":15},"end":{"line":26,"column":16}},"loc":{"start":{"line":26,"column":21},"end":{"line":28,"column":5}},"line":26},"6":{"name":"(anonymous_6)","decl":{"start":{"line":32,"column":4},"end":{"line":32,"column":5}},"loc":{"start":{"line":32,"column":10},"end":{"line":46,"column":5}},"line":32},"7":{"name":"(anonymous_7)","decl":{"start":{"line":33,"column":18},"end":{"line":33,"column":19}},"loc":{"start":{"line":33,"column":33},"end":{"line":45,"column":7}},"line":33},"8":{"name":"(anonymous_8)","decl":{"start":{"line":50,"column":32},"end":{"line":50,"column":33}},"loc":{"start":{"line":50,"column":38},"end":{"line":50,"column":57}},"line":50}},"branchMap":{"0":{"loc":{"start":{"line":27,"column":6},"end":{"line":27,"column":49}},"type":"if","locations":[{"start":{"line":27,"column":6},"end":{"line":27,"column":49}},{"start":{"line":27,"column":6},"end":{"line":27,"column":49}}],"line":27},"1":{"loc":{"start":{"line":35,"column":10},"end":{"line":37,"column":31}},"type":"binary-expr","locations":[{"start":{"line":35,"column":11},"end":{"line":35,"column":24}},{"start":{"line":35,"column":28},"end":{"line":35,"column":51}},{"start":{"line":36,"column":11},"end":{"line":36,"column":25}},{"start":{"line":36,"column":29},"end":{"line":36,"column":53}},{"start":{"line":37,"column":10},"end":{"line":37,"column":31}}],"line":35}},"s":{"0":1,"1":4,"2":4,"3":0,"4":4,"5":4,"6":4,"7":1,"8":4,"9":2,"10":0,"11":0,"12":4,"13":4,"14":40,"15":40,"16":4,"17":1,"18":4},"f":{"0":4,"1":0,"2":4,"3":1,"4":2,"5":0,"6":4,"7":40,"8":1},"b":{"0":[0,0],"1":[40,10,39,9,38]},"_coverageSchema":"1a1c01bbd47fc00a2c39e90264f33305004495a9","hash":"9ae4d11ee7c48330f28cb3f2b99694f4849e95e8"}
,"/Users/Project/Study/find-card/src/screens/Game/GameStyles.js": {"path":"/Users/Project/Study/find-card/src/screens/Game/GameStyles.js","statementMap":{"0":{"start":{"line":5,"column":24},"end":{"line":8,"column":1}},"1":{"start":{"line":10,"column":23},"end":{"line":14,"column":1}},"2":{"start":{"line":16,"column":25},"end":{"line":22,"column":1}}},"fnMap":{},"branchMap":{},"s":{"0":1,"1":1,"2":1},"f":{},"b":{},"_coverageSchema":"1a1c01bbd47fc00a2c39e90264f33305004495a9","hash":"3ce15c17f8bd9ac6e358eae00de0bca280323a38"}
,"/Users/Project/Study/find-card/src/store/actions.js": {"path":"/Users/Project/Study/find-card/src/store/actions.js","statementMap":{"0":{"start":{"line":3,"column":23},"end":{"line":8,"column":1}},"1":{"start":{"line":3,"column":29},"end":{"line":8,"column":1}},"2":{"start":{"line":4,"column":2},"end":{"line":4,"column":31}},"3":{"start":{"line":5,"column":2},"end":{"line":7,"column":9}},"4":{"start":{"line":6,"column":4},"end":{"line":6,"column":36}},"5":{"start":{"line":10,"column":25},"end":{"line":11,"column":43}},"6":{"start":{"line":10,"column":40},"end":{"line":11,"column":43}},"7":{"start":{"line":11,"column":2},"end":{"line":11,"column":43}},"8":{"start":{"line":13,"column":26},"end":{"line":13,"column":77}},"9":{"start":{"line":13,"column":32},"end":{"line":13,"column":77}},"10":{"start":{"line":13,"column":46},"end":{"line":13,"column":77}}},"fnMap":{"0":{"name":"(anonymous_0)","decl":{"start":{"line":3,"column":23},"end":{"line":3,"column":24}},"loc":{"start":{"line":3,"column":29},"end":{"line":8,"column":1}},"line":3},"1":{"name":"(anonymous_1)","decl":{"start":{"line":3,"column":29},"end":{"line":3,"column":30}},"loc":{"start":{"line":3,"column":43},"end":{"line":8,"column":1}},"line":3},"2":{"name":"(anonymous_2)","decl":{"start":{"line":5,"column":13},"end":{"line":5,"column":14}},"loc":{"start":{"line":5,"column":19},"end":{"line":7,"column":3}},"line":5},"3":{"name":"(anonymous_3)","decl":{"start":{"line":10,"column":25},"end":{"line":10,"column":26}},"loc":{"start":{"line":10,"column":40},"end":{"line":11,"column":43}},"line":10},"4":{"name":"(anonymous_4)","decl":{"start":{"line":10,"column":40},"end":{"line":10,"column":41}},"loc":{"start":{"line":11,"column":2},"end":{"line":11,"column":43}},"line":11},"5":{"name":"(anonymous_5)","decl":{"start":{"line":13,"column":26},"end":{"line":13,"column":27}},"loc":{"start":{"line":13,"column":32},"end":{"line":13,"column":77}},"line":13},"6":{"name":"(anonymous_6)","decl":{"start":{"line":13,"column":32},"end":{"line":13,"column":33}},"loc":{"start":{"line":13,"column":46},"end":{"line":13,"column":77}},"line":13}},"branchMap":{},"s":{"0":2,"1":2,"2":1,"3":1,"4":0,"5":2,"6":2,"7":1,"8":2,"9":1,"10":1},"f":{"0":2,"1":1,"2":0,"3":2,"4":1,"5":1,"6":1},"b":{},"_coverageSchema":"1a1c01bbd47fc00a2c39e90264f33305004495a9","hash":"fa901024921dc6121f7fe5736d6c660d3b6baf08"}
,"/Users/Project/Study/find-card/src/store/constants.js": {"path":"/Users/Project/Study/find-card/src/store/constants.js","statementMap":{"0":{"start":{"line":1,"column":24},"end":{"line":1,"column":34}},"1":{"start":{"line":2,"column":27},"end":{"line":2,"column":40}},"2":{"start":{"line":3,"column":26},"end":{"line":3,"column":38}},"3":{"start":{"line":4,"column":27},"end":{"line":4,"column":40}}},"fnMap":{},"branchMap":{},"s":{"0":3,"1":3,"2":3,"3":3},"f":{},"b":{},"_coverageSchema":"1a1c01bbd47fc00a2c39e90264f33305004495a9","hash":"a7edbea4fbb4a02e4803a77ca4dc606ec27a63d0"}
,"/Users/Project/Study/find-card/src/store/reducer.js": {"path":"/Users/Project/Study/find-card/src/store/reducer.js","statementMap":{"0":{"start":{"line":4,"column":28},"end":{"line":10,"column":1}},"1":{"start":{"line":12,"column":16},"end":{"line":58,"column":1}},"2":{"start":{"line":13,"column":19},"end":{"line":13,"column":31}},"3":{"start":{"line":14,"column":63},"end":{"line":14,"column":71}},"4":{"start":{"line":16,"column":2},"end":{"line":57,"column":3}},"5":{"start":{"line":18,"column":6},"end":{"line":32,"column":7}},"6":{"start":{"line":19,"column":8},"end":{"line":19,"column":47}},"7":{"start":{"line":20,"column":13},"end":{"line":32,"column":7}},"8":{"start":{"line":21,"column":8},"end":{"line":21,"column":48}},"9":{"start":{"line":23,"column":8},"end":{"line":29,"column":9}},"10":{"start":{"line":24,"column":10},"end":{"line":28,"column":12}},"11":{"start":{"line":30,"column":8},"end":{"line":30,"column":47}},"12":{"start":{"line":31,"column":8},"end":{"line":31,"column":39}},"13":{"start":{"line":33,"column":6},"end":{"line":33,"column":26}},"14":{"start":{"line":34,"column":6},"end":{"line":34,"column":22}},"15":{"start":{"line":37,"column":6},"end":{"line":47,"column":7}},"16":{"start":{"line":38,"column":8},"end":{"line":44,"column":9}},"17":{"start":{"line":39,"column":10},"end":{"line":43,"column":12}},"18":{"start":{"line":45,"column":8},"end":{"line":45,"column":38}},"19":{"start":{"line":46,"column":8},"end":{"line":46,"column":39}},"20":{"start":{"line":48,"column":6},"end":{"line":48,"column":22}},"21":{"start":{"line":51,"column":6},"end":{"line":51,"column":42}},"22":{"start":{"line":53,"column":6},"end":{"line":53,"column":56}},"23":{"start":{"line":56,"column":6},"end":{"line":56,"column":19}}},"fnMap":{"0":{"name":"(anonymous_0)","decl":{"start":{"line":12,"column":16},"end":{"line":12,"column":17}},"loc":{"start":{"line":12,"column":50},"end":{"line":58,"column":1}},"line":12}},"branchMap":{"0":{"loc":{"start":{"line":12,"column":17},"end":{"line":12,"column":37}},"type":"default-arg","locations":[{"start":{"line":12,"column":25},"end":{"line":12,"column":37}}],"line":12},"1":{"loc":{"start":{"line":16,"column":2},"end":{"line":57,"column":3}},"type":"switch","locations":[{"start":{"line":17,"column":4},"end":{"line":34,"column":22}},{"start":{"line":36,"column":4},"end":{"line":48,"column":22}},{"start":{"line":50,"column":4},"end":{"line":51,"column":42}},{"start":{"line":52,"column":4},"end":{"line":53,"column":56}},{"start":{"line":55,"column":4},"end":{"line":56,"column":19}}],"line":16},"2":{"loc":{"start":{"line":18,"column":6},"end":{"line":32,"column":7}},"type":"if","locations":[{"start":{"line":18,"column":6},"end":{"line":32,"column":7}},{"start":{"line":18,"column":6},"end":{"line":32,"column":7}}],"line":18},"3":{"loc":{"start":{"line":20,"column":13},"end":{"line":32,"column":7}},"type":"if","locations":[{"start":{"line":20,"column":13},"end":{"line":32,"column":7}},{"start":{"line":20,"column":13},"end":{"line":32,"column":7}}],"line":20},"4":{"loc":{"start":{"line":23,"column":8},"end":{"line":29,"column":9}},"type":"if","locations":[{"start":{"line":23,"column":8},"end":{"line":29,"column":9}},{"start":{"line":23,"column":8},"end":{"line":29,"column":9}}],"line":23},"5":{"loc":{"start":{"line":37,"column":6},"end":{"line":47,"column":7}},"type":"if","locations":[{"start":{"line":37,"column":6},"end":{"line":47,"column":7}},{"start":{"line":37,"column":6},"end":{"line":47,"column":7}}],"line":37},"6":{"loc":{"start":{"line":37,"column":10},"end":{"line":37,"column":41}},"type":"binary-expr","locations":[{"start":{"line":37,"column":10},"end":{"line":37,"column":23}},{"start":{"line":37,"column":27},"end":{"line":37,"column":41}}],"line":37},"7":{"loc":{"start":{"line":38,"column":8},"end":{"line":44,"column":9}},"type":"if","locations":[{"start":{"line":38,"column":8},"end":{"line":44,"column":9}},{"start":{"line":38,"column":8},"end":{"line":44,"column":9}}],"line":38}},"s":{"0":2,"1":2,"2":10,"3":10,"4":10,"5":4,"6":1,"7":3,"8":1,"9":2,"10":1,"11":2,"12":2,"13":4,"14":4,"15":3,"16":2,"17":1,"18":2,"19":2,"20":3,"21":1,"22":1,"23":1},"f":{"0":10},"b":{"0":[0],"1":[4,3,1,1,1],"2":[1,3],"3":[1,2],"4":[1,1],"5":[2,1],"6":[3,2],"7":[1,1]},"_coverageSchema":"1a1c01bbd47fc00a2c39e90264f33305004495a9","hash":"8588509e40ca05439ad2e156c243e05d012dd129"}
,"/Users/Project/Study/find-card/src/utils/commonStyles.js": {"path":"/Users/Project/Study/find-card/src/utils/commonStyles.js","statementMap":{"0":{"start":{"line":3,"column":20},"end":{"line":3,"column":38}},"1":{"start":{"line":4,"column":23},"end":{"line":6,"column":29}},"2":{"start":{"line":8,"column":24},"end":{"line":10,"column":30}},"3":{"start":{"line":12,"column":28},"end":{"line":12,"column":49}}},"fnMap":{},"branchMap":{"0":{"loc":{"start":{"line":4,"column":23},"end":{"line":6,"column":29}},"type":"cond-expr","locations":[{"start":{"line":5,"column":4},"end":{"line":5,"column":30}},{"start":{"line":6,"column":4},"end":{"line":6,"column":29}}],"line":4},"1":{"loc":{"start":{"line":8,"column":24},"end":{"line":10,"column":30}},"type":"cond-expr","locations":[{"start":{"line":9,"column":4},"end":{"line":9,"column":30}},{"start":{"line":10,"column":4},"end":{"line":10,"column":30}}],"line":8},"2":{"loc":{"start":{"line":12,"column":28},"end":{"line":12,"column":49}},"type":"cond-expr","locations":[{"start":{"line":12,"column":42},"end":{"line":12,"column":44}},{"start":{"line":12,"column":47},"end":{"line":12,"column":49}}],"line":12}},"s":{"0":5,"1":5,"2":5,"3":5},"f":{},"b":{"0":[5,0],"1":[5,0],"2":[5,0]},"_coverageSchema":"1a1c01bbd47fc00a2c39e90264f33305004495a9","hash":"d912609484e04ddf76f9f422789dec08064cf4fe"}
,"/Users/Project/Study/find-card/src/utils/helper.js": {"path":"/Users/Project/Study/find-card/src/utils/helper.js","statementMap":{"0":{"start":{"line":4,"column":38},"end":{"line":4,"column":62}},"1":{"start":{"line":5,"column":34},"end":{"line":5,"column":65}},"2":{"start":{"line":5,"column":40},"end":{"line":5,"column":65}},"3":{"start":{"line":7,"column":26},"end":{"line":12,"column":1}},"4":{"start":{"line":8,"column":16},"end":{"line":10,"column":3}},"5":{"start":{"line":9,"column":4},"end":{"line":9,"column":39}},"6":{"start":{"line":11,"column":2},"end":{"line":11,"column":44}},"7":{"start":{"line":14,"column":21},"end":{"line":20,"column":1}},"8":{"start":{"line":15,"column":2},"end":{"line":18,"column":3}},"9":{"start":{"line":15,"column":15},"end":{"line":15,"column":31}},"10":{"start":{"line":16,"column":14},"end":{"line":16,"column":49}},"11":{"start":{"line":17,"column":4},"end":{"line":17,"column":48}},"12":{"start":{"line":19,"column":2},"end":{"line":19,"column":15}}},"fnMap":{"0":{"name":"(anonymous_0)","decl":{"start":{"line":5,"column":34},"end":{"line":5,"column":35}},"loc":{"start":{"line":5,"column":40},"end":{"line":5,"column":65}},"line":5},"1":{"name":"(anonymous_1)","decl":{"start":{"line":7,"column":26},"end":{"line":7,"column":27}},"loc":{"start":{"line":7,"column":32},"end":{"line":12,"column":1}},"line":7},"2":{"name":"(anonymous_2)","decl":{"start":{"line":8,"column":42},"end":{"line":8,"column":43}},"loc":{"start":{"line":9,"column":4},"end":{"line":9,"column":39}},"line":9},"3":{"name":"(anonymous_3)","decl":{"start":{"line":14,"column":21},"end":{"line":14,"column":22}},"loc":{"start":{"line":14,"column":32},"end":{"line":20,"column":1}},"line":14}},"branchMap":{},"s":{"0":6,"1":6,"2":1,"3":6,"4":4,"5":24,"6":4,"7":6,"8":4,"9":4,"10":44,"11":44,"12":4},"f":{"0":1,"1":4,"2":24,"3":4},"b":{},"_coverageSchema":"1a1c01bbd47fc00a2c39e90264f33305004495a9","hash":"be8acb5b82185a76e0360333531629ef3db609e9"}
,"/Users/Project/Study/find-card/src/utils/theme.js": {"path":"/Users/Project/Study/find-card/src/utils/theme.js","statementMap":{"0":{"start":{"line":1,"column":21},"end":{"line":9,"column":1}}},"fnMap":{},"branchMap":{},"s":{"0":5},"f":{},"b":{},"_coverageSchema":"1a1c01bbd47fc00a2c39e90264f33305004495a9","hash":"0d5e9255cf8ef153c66a463ea2ba5a2762106566"}
}
